
Showing logs for build [32mcb-kubecd-environment-pr-1229-1-c8jqc-1[0m stage [32mfrom-build-pack[0m and container [32mstep-credential-initializer-589l5[0m
{"level":"warn","ts":1583463326.3524933,"logger":"fallback-logger","caller":"logging/config.go:69","msg":"Fetch GitHub commit ID from kodata failed: \"ref: refs/heads/0.8.0-**-support-backwards-incompats\" is not a valid GitHub commit ID"}
{"level":"info","ts":1583463326.3533237,"logger":"fallback-logger","caller":"creds-init/main.go:40","msg":"Credentials initialized."}

Showing logs for build [32mcb-kubecd-environment-pr-1229-1-c8jqc-1[0m stage [32mfrom-build-pack[0m and container [32mstep-working-dir-initializer-wc9dh[0m
{"level":"warn","ts":1583463327.0636811,"logger":"fallback-logger","caller":"logging/config.go:69","msg":"Fetch GitHub commit ID from kodata failed: open /var/run/ko/HEAD: no such file or directory"}
{"level":"info","ts":1583463327.065493,"logger":"fallback-logger","caller":"bash/main.go:64","msg":"Successfully executed command \"sh -c mkdir -p /workspace/source\"; output "}

Showing logs for build [32mcb-kubecd-environment-pr-1229-1-c8jqc-1[0m stage [32mfrom-build-pack[0m and container [32mstep-place-tools[0m

Showing logs for build [32mcb-kubecd-environment-pr-1229-1-c8jqc-1[0m stage [32mfrom-build-pack[0m and container [32mstep-git-source-cb-kubecd-environment-pr-1229-1-c8jqc-kp7ck[0m
{"level":"warn","ts":1583463354.2467246,"logger":"fallback-logger","caller":"logging/config.go:69","msg":"Fetch GitHub commit ID from kodata failed: \"ref: refs/heads/0.8.0-**-support-backwards-incompats\" is not a valid GitHub commit ID"}
{"level":"info","ts":1583463355.3203347,"logger":"fallback-logger","caller":"git/git.go:103","msg":"Successfully cloned https://github.com/cb-kubecd/environment-pr-1229-13-bdd-frontend-staging.git @ master in path /workspace/source"}

Showing logs for build [32mcb-kubecd-environment-pr-1229-1-c8jqc-1[0m stage [32mfrom-build-pack[0m and container [32mstep-git-merge[0m
Using SHAs from PULL_REFS=master:f4810ebcfb0725755c076715a771057744838b20,1:193d4c0a37d774e21fb9459fa6c2aaee90bf5716
DEBUG: JX_LOG_LEVEL=error LC_ALL=C git fetch origin --unshallow 193d4c0a37d774e21fb9459fa6c2aaee90bf5716: f4810ebcfb0725755c076715a771057744838b20:
DEBUG: ran git fetch --unshallow origin 193d4c0a37d774e21fb9459fa6c2aaee90bf5716: f4810ebcfb0725755c076715a771057744838b20: in 
DEBUG: LC_ALL=C JX_LOG_LEVEL=error git branch
DEBUG: JX_LOG_LEVEL=error LC_ALL=C git checkout master
DEBUG: ran git checkout master in 
DEBUG: LC_ALL=C JX_LOG_LEVEL=error git reset --hard f4810ebcfb0725755c076715a771057744838b20
DEBUG: ran git reset --hard f4810ebcfb0725755c076715a771057744838b20 in 
DEBUG: LC_ALL=C JX_LOG_LEVEL=error git clean -fd .
DEBUG: ran clean --force -d . in 
DEBUG: LC_ALL=C JX_LOG_LEVEL=error git merge 193d4c0a37d774e21fb9459fa6c2aaee90bf5716
DEBUG: ran git merge 193d4c0a37d774e21fb9459fa6c2aaee90bf5716 in 
DEBUG: LC_ALL=C JX_LOG_LEVEL=error git log --format=%H%x1f%an%x1f%ae%x1f%cn%x1f%ce%x1f%s%n%b%x1e f4810ebcfb0725755c076715a771057744838b20..HEAD
Merged SHA 193d4c0a37d774e21fb9459fa6c2aaee90bf5716 with commit message 'chore: Promote bdd-nh-1583462376 to version 0.0.1' into base branch master

Showing logs for build [32mcb-kubecd-environment-pr-1229-1-c8jqc-1[0m stage [32mfrom-build-pack[0m and container [32mstep-build-helm-build[0m
WARNING: No $CHART_REPOSITORY defined so using the default value of: http://jenkins-x-chartmuseum:8080
Adding missing Helm repo: storage.googleapis.com https://storage.googleapis.com/chartmuseum.jenkins-x.io
WARNING: No secrets found on "helm/repos" due: reading the secret "helm/repos" from vault: no secret "helm/repos" not found in vault
Read credentials for https://storage.googleapis.com/chartmuseum.jenkins-x.io from vault helm/repos
Successfully added Helm repository storage.googleapis.com.
Adding missing Helm repo: jenkins-x-chartmuseum http://jenkins-x-chartmuseum:8080
WARNING: No secrets found on "helm/repos" due: reading the secret "helm/repos" from vault: no secret "helm/repos" not found in vault
Read credentials for http://jenkins-x-chartmuseum:8080 from vault helm/repos
Successfully added Helm repository jenkins-x-chartmuseum.
WARNING: No $CHART_REPOSITORY defined so using the default value of: http://jenkins-x-chartmuseum:8080
Adding missing Helm repo: chartmuseum.jenkins-x.io http://chartmuseum.jenkins-x.io
WARNING: No secrets found on "helm/repos" due: reading the secret "helm/repos" from vault: no secret "helm/repos" not found in vault
Read credentials for http://chartmuseum.jenkins-x.io from vault helm/repos
Successfully added Helm repository chartmuseum.jenkins-x.io.
